TN:
SF:C:\Development\backbone.waiter\backbone.waiter\src\bb\events.js
FN:,_eventsApi
FN:,(anonymous_1)
FN:,(anonymous_2)
FN:,(anonymous_3)
FN:,(anonymous_4)
FN:,(anonymous_5)
FN:,(anonymous_6)
FN:,(anonymous_7)
FN:,on
FN:,listenTo
FN:,off
FN:,stopListening
FN:,once
FN:,listenToOnce
FN:,trigger
FNF:15
FNH:9
FNDA:12,_eventsApi
FNDA:2,(anonymous_1)
FNDA:4,(anonymous_2)
FNDA:2,(anonymous_3)
FNDA:0,(anonymous_4)
FNDA:0,(anonymous_5)
FNDA:12,(anonymous_6)
FNDA:10,(anonymous_7)
FNDA:2,on
FNDA:0,listenTo
FNDA:1,off
FNDA:0,stopListening
FNDA:0,once
FNDA:0,listenToOnce
FNDA:9,trigger
DA:18,1
DA:23,1
DA:24,12
DA:27,12
DA:29,0
DA:30,0
DA:32,0
DA:33,0
DA:35,12
DA:37,4
DA:38,10
DA:42,8
DA:44,12
DA:48,1
DA:49,2
DA:55,2
DA:56,0
DA:57,0
DA:60,2
DA:64,1
DA:65,4
DA:66,4
DA:67,4
DA:68,4
DA:69,4
DA:71,4
DA:73,4
DA:80,4
DA:84,1
DA:85,2
DA:87,2
DA:89,2
DA:90,2
DA:93,2
DA:94,0
DA:95,0
DA:96,0
DA:97,0
DA:98,0
DA:100,0
DA:103,2
DA:104,2
DA:105,2
DA:106,2
DA:109,2
DA:112,2
DA:113,2
DA:114,2
DA:115,2
DA:120,0
DA:122,2
DA:123,2
DA:124,0
DA:125,0
DA:131,2
DA:132,0
DA:134,2
DA:137,2
DA:142,1
DA:143,0
DA:144,0
DA:145,0
DA:146,0
DA:148,0
DA:150,0
DA:154,1
DA:155,12
DA:156,12
DA:157,12
DA:158,12
DA:159,12
DA:160,12
DA:162,12
DA:168,1
DA:170,10
DA:171,10
DA:172,10
DA:173,10
DA:174,10
DA:175,10
DA:177,10
DA:178,10
DA:180,0
DA:181,0
DA:183,0
DA:184,0
DA:186,0
DA:187,0
DA:189,0
DA:190,0
DA:200,2
DA:207,0
DA:208,0
DA:209,0
DA:210,0
DA:214,0
DA:215,0
DA:216,0
DA:226,0
DA:227,0
DA:235,1
DA:236,1
DA:240,1
DA:246,0
DA:247,0
DA:249,0
DA:251,0
DA:252,0
DA:256,0
DA:258,0
DA:261,0
DA:271,0
DA:272,0
DA:273,0
DA:279,0
DA:280,0
DA:289,9
DA:291,9
DA:292,9
DA:293,9
DA:295,9
DA:296,9
LF:122
LH:70
BRDA:,0,0,0
BRDA:,0,1,12
BRDA:,1,0,12
BRDA:,1,1,12
BRDA:,2,0,0
BRDA:,2,1,0
BRDA:,3,0,0
BRDA:,3,1,0
BRDA:,3,2,0
BRDA:,4,0,4
BRDA:,4,1,8
BRDA:,5,0,12
BRDA:,5,1,12
BRDA:,6,0,2
BRDA:,6,1,2
BRDA:,7,0,0
BRDA:,7,1,2
BRDA:,8,0,0
BRDA:,8,1,0
BRDA:,9,0,4
BRDA:,9,1,0
BRDA:,10,0,4
BRDA:,10,1,4
BRDA:,11,0,0
BRDA:,11,1,4
BRDA:,12,0,4
BRDA:,12,1,4
BRDA:,13,0,0
BRDA:,13,1,2
BRDA:,14,0,0
BRDA:,14,1,2
BRDA:,15,0,2
BRDA:,15,1,0
BRDA:,15,2,0
BRDA:,16,0,2
BRDA:,16,1,0
BRDA:,17,0,0
BRDA:,17,1,2
BRDA:,18,0,0
BRDA:,18,1,2
BRDA:,19,0,2
BRDA:,19,1,0
BRDA:,19,2,0
BRDA:,19,3,2
BRDA:,19,4,0
BRDA:,20,0,0
BRDA:,20,1,2
BRDA:,21,0,2
BRDA:,21,1,0
BRDA:,22,0,0
BRDA:,22,1,2
BRDA:,23,0,0
BRDA:,23,1,0
BRDA:,24,0,12
BRDA:,24,1,0
BRDA:,25,0,0
BRDA:,25,1,12
BRDA:,26,0,12
BRDA:,26,1,10
BRDA:,27,0,10
BRDA:,27,1,2
BRDA:,28,0,0
BRDA:,28,1,12
BRDA:,29,0,10
BRDA:,29,1,0
BRDA:,29,2,0
BRDA:,29,3,0
BRDA:,29,4,0
BRDA:,30,0,0
BRDA:,30,1,0
BRDA:,31,0,0
BRDA:,31,1,0
BRDA:,32,0,0
BRDA:,32,1,0
BRDA:,33,0,0
BRDA:,33,1,0
BRDA:,34,0,0
BRDA:,34,1,0
BRDA:,35,0,0
BRDA:,35,1,1
BRDA:,36,0,0
BRDA:,36,1,0
BRDA:,37,0,0
BRDA:,37,1,0
BRDA:,38,0,0
BRDA:,38,1,0
BRDA:,39,0,0
BRDA:,39,1,0
BRDA:,40,0,0
BRDA:,40,1,0
BRDA:,41,0,0
BRDA:,41,1,9
BRF:92
BRH:37
end_of_record
TN:
SF:C:\Development\backbone.waiter\backbone.waiter\src\main.js
FNF:0
FNH:0
DA:5,1
DA:11,1
DA:15,1
LF:3
LH:3
BRF:0
BRH:0
end_of_record
TN:
SF:C:\Development\backbone.waiter\backbone.waiter\src\marionette\baseview.js
FN:,(anonymous_0)
FN:,(anonymous_1)
FN:,(anonymous_2)
FN:,(anonymous_3)
FN:,(anonymous_4)
FN:,(anonymous_5)
FN:,(anonymous_6)
FN:,(anonymous_7)
FN:,(anonymous_8)
FN:,(anonymous_9)
FN:,(anonymous_10)
FN:,(anonymous_11)
FN:,(anonymous_12)
FN:,(anonymous_13)
FNF:14
FNH:0
FNDA:0,(anonymous_0)
FNDA:0,(anonymous_1)
FNDA:0,(anonymous_2)
FNDA:0,(anonymous_3)
FNDA:0,(anonymous_4)
FNDA:0,(anonymous_5)
FNDA:0,(anonymous_6)
FNDA:0,(anonymous_7)
FNDA:0,(anonymous_8)
FNDA:0,(anonymous_9)
FNDA:0,(anonymous_10)
FNDA:0,(anonymous_11)
FNDA:0,(anonymous_12)
FNDA:0,(anonymous_13)
DA:8,1
DA:12,0
DA:14,0
DA:20,0
DA:22,0
DA:28,0
DA:29,0
DA:35,0
DA:36,0
DA:37,0
DA:41,0
DA:47,0
DA:48,0
DA:53,0
DA:54,0
DA:58,0
DA:61,0
DA:64,0
DA:65,0
DA:71,0
DA:75,0
DA:76,0
DA:80,0
DA:81,0
DA:85,0
DA:86,0
DA:91,0
DA:93,0
DA:98,0
DA:101,0
DA:102,0
DA:103,0
DA:106,0
DA:107,0
DA:109,0
DA:113,0
DA:114,0
DA:117,0
DA:120,0
DA:122,0
DA:125,0
DA:127,0
DA:136,0
DA:137,0
DA:138,0
DA:140,0
LF:46
LH:1
BRDA:,0,0,0
BRDA:,0,1,0
BRDA:,1,0,0
BRDA:,1,1,0
BRDA:,2,0,0
BRDA:,2,1,0
BRDA:,3,0,0
BRDA:,3,1,0
BRDA:,4,0,0
BRDA:,4,1,0
BRDA:,5,0,0
BRDA:,5,1,0
BRDA:,6,0,0
BRDA:,6,1,0
BRDA:,7,0,0
BRDA:,7,1,0
BRDA:,8,0,0
BRDA:,8,1,0
BRF:18
BRH:0
end_of_record
TN:
SF:C:\Development\backbone.waiter\backbone.waiter\src\bb\index.js
FNF:0
FNH:0
DA:10,1
DA:19,1
LF:2
LH:2
BRF:0
BRH:0
end_of_record
TN:
SF:C:\Development\backbone.waiter\backbone.waiter\src\bb\extend.js
FN:,(anonymous_0)
FN:,(anonymous_1)
FNF:2
FNH:2
FNDA:2,(anonymous_0)
FNDA:2,(anonymous_1)
DA:7,2
DA:13,2
DA:14,0
DA:16,2
DA:20,2
DA:24,2
DA:25,2
DA:29,2
DA:31,2
LF:9
LH:8
BRDA:,0,0,0
BRDA:,0,1,2
BRDA:,1,0,2
BRDA:,1,1,2
BRF:4
BRH:3
end_of_record
TN:
SF:C:\Development\backbone.waiter\backbone.waiter\src\bb\view.js
FN:,(anonymous_0)
FN:,(anonymous_1)
FN:,(anonymous_2)
FN:,(anonymous_3)
FN:,(anonymous_4)
FN:,(anonymous_5)
FN:,(anonymous_6)
FN:,(anonymous_7)
FN:,(anonymous_8)
FN:,(anonymous_9)
FN:,(anonymous_10)
FN:,(anonymous_11)
FN:,(anonymous_12)
FN:,(anonymous_13)
FN:,(anonymous_14)
FNF:15
FNH:6
FNDA:1,(anonymous_0)
FNDA:0,(anonymous_1)
FNDA:0,(anonymous_2)
FNDA:0,(anonymous_3)
FNDA:0,(anonymous_4)
FNDA:0,(anonymous_5)
FNDA:1,(anonymous_6)
FNDA:1,(anonymous_7)
FNDA:0,(anonymous_8)
FNDA:0,(anonymous_9)
FNDA:1,(anonymous_10)
FNDA:0,(anonymous_11)
FNDA:1,(anonymous_12)
FNDA:1,(anonymous_13)
FNDA:0,(anonymous_14)
DA:19,1
DA:20,1
DA:21,1
DA:22,1
DA:23,0
DA:27,1
DA:30,1
DA:33,1
DA:41,0
DA:52,0
DA:58,0
DA:59,0
DA:60,0
DA:67,0
DA:73,1
DA:74,1
DA:75,0
DA:76,0
DA:85,1
DA:86,0
DA:103,0
DA:104,0
DA:105,0
DA:106,0
DA:107,0
DA:108,0
DA:109,0
DA:110,0
DA:111,0
DA:113,0
DA:120,0
DA:121,0
DA:128,1
DA:129,1
DA:135,0
DA:136,0
DA:142,1
DA:150,1
DA:151,1
DA:152,1
DA:153,1
DA:154,1
DA:155,0
DA:157,0
DA:164,0
DA:168,1
LF:46
LH:19
BRDA:,0,0,0
BRDA:,0,1,0
BRDA:,1,0,0
BRDA:,1,1,0
BRDA:,2,0,0
BRDA:,2,1,0
BRDA:,3,0,0
BRDA:,3,1,0
BRDA:,4,0,0
BRDA:,4,1,0
BRDA:,5,0,0
BRDA:,5,1,1
BRDA:,6,0,1
BRDA:,6,1,0
BRDA:,7,0,0
BRDA:,7,1,1
BRDA:,8,0,0
BRDA:,8,1,1
BRF:18
BRH:4
end_of_record
TN:
SF:C:\Development\backbone.waiter\backbone.waiter\src\bb\bb$.js
FNF:0
FNH:0
LF:0
LH:0
BRF:0
BRH:0
end_of_record
TN:
SF:C:\Development\backbone.waiter\backbone.waiter\src\marionette\index.js
FN:,(anonymous_0)
FN:,(anonymous_1)
FN:,(anonymous_2)
FN:,(anonymous_3)
FN:,(anonymous_4)
FN:,(anonymous_5)
FN:,(anonymous_6)
FN:,(anonymous_7)
FN:,(anonymous_8)
FN:,(anonymous_9)
FN:,(anonymous_10)
FN:,(anonymous_11)
FN:,(anonymous_12)
FN:,(anonymous_13)
FNF:14
FNH:0
FNDA:0,(anonymous_0)
FNDA:0,(anonymous_1)
FNDA:0,(anonymous_2)
FNDA:0,(anonymous_3)
FNDA:0,(anonymous_4)
FNDA:0,(anonymous_5)
FNDA:0,(anonymous_6)
FNDA:0,(anonymous_7)
FNDA:0,(anonymous_8)
FNDA:0,(anonymous_9)
FNDA:0,(anonymous_10)
FNDA:0,(anonymous_11)
FNDA:0,(anonymous_12)
FNDA:0,(anonymous_13)
DA:11,1
DA:17,1
DA:18,0
DA:22,1
DA:23,0
DA:24,0
DA:26,0
DA:34,1
DA:35,0
DA:36,0
DA:38,0
DA:39,0
DA:41,0
DA:46,1
DA:47,0
DA:54,1
DA:55,0
DA:56,0
DA:58,0
DA:66,1
DA:67,0
DA:68,0
DA:69,0
DA:71,0
DA:72,0
DA:74,0
DA:80,1
DA:81,0
DA:82,0
DA:90,1
DA:91,0
DA:92,0
DA:93,0
DA:94,0
DA:101,1
DA:102,0
DA:103,0
DA:104,0
DA:105,0
DA:106,0
DA:108,0
DA:109,0
DA:110,0
DA:111,0
DA:116,0
LF:45
LH:10
BRDA:,0,0,0
BRDA:,0,1,0
BRDA:,1,0,0
BRDA:,1,1,0
BRDA:,2,0,0
BRDA:,2,1,0
BRDA:,3,0,0
BRDA:,3,1,0
BRDA:,4,0,0
BRDA:,4,1,0
BRDA:,5,0,0
BRDA:,5,1,0
BRDA:,6,0,0
BRDA:,6,1,0
BRDA:,7,0,0
BRDA:,7,1,0
BRDA:,8,0,0
BRDA:,8,1,0
BRDA:,9,0,0
BRDA:,9,1,0
BRDA:,10,0,0
BRDA:,10,1,0
BRDA:,11,0,0
BRDA:,11,1,0
BRDA:,12,0,0
BRDA:,12,1,0
BRF:26
BRH:0
end_of_record
